2023-01-19 10:31:52,037 :: Password must be atleast 8 characters
2023-01-19 10:39:05,924 :: User failed to register with 'so' due to UsernameLengthError
2023-01-19 10:39:08,681 :: User failed to register with 'oh' due to UsernameLengthError
2023-01-19 10:48:13,487 :: reza is attempting to register with a valid username
2023-01-19 10:48:27,310 :: reza registered
2023-01-19 10:48:38,104 :: reza Logged in
2023-01-19 10:58:27,598 :: reza Logged in
2023-01-19 10:59:36,920 :: reza Logged in
2023-01-19 11:01:16,049 :: reza Logged in
2023-01-19 11:39:08,109 :: matin is attempting to register with a valid username
2023-01-19 11:39:39,573 :: matin is attempting to register with a valid username
2023-01-19 11:40:53,220 :: matin is attempting to register with a valid username
2023-01-19 11:41:11,514 :: matin registered
2023-01-19 11:41:18,524 :: matin Logged in
2023-01-19 11:44:33,792 :: matin12 is attempting to register with a valid username
2023-01-19 11:55:12,412 :: soheil Logged in
2023-01-19 12:06:39,424 :: soheil Logged in
2023-01-19 12:09:18,872 :: soheil1 is attempting to register with a valid username
2023-01-19 12:09:23,247 :: Password must be atleast 8 characters
2023-01-19 12:10:57,292 :: soheil1 is attempting to register with a valid username
2023-01-19 12:11:00,657 :: Password must be atleast 8 characters
2023-01-19 12:12:38,661 :: soheil1 is attempting to register with a valid username
2023-01-19 12:12:42,424 :: Password must be atleast 8 characters

2023-01-19 12:12:45,684 :: Password must be atleast 8 characters

2023-01-19 12:12:47,468 :: Password must be atleast 8 characters

2023-01-19 12:12:48,673 :: Password must be atleast 8 characters

2023-01-19 12:12:49,736 :: Password must be atleast 8 characters

2023-01-19 12:12:50,919 :: Password must be atleast 8 characters

2023-01-19 12:12:52,111 :: Password must be atleast 8 characters

2023-01-19 12:13:01,915 :: soheil1 registered
2023-01-19 12:13:30,605 :: soheil Logged in
2023-01-19 12:14:40,219 :: soheil1 Logged in
2023-01-19 12:15:53,573 :: soheil Logged in
2023-01-19 12:16:42,638 :: soheil Logged in
2023-01-19 12:19:11,986 :: soheil1 Logged in
2023-01-19 12:46:45,862 :: reza Logged in
2023-01-19 12:47:42,057 :: reza Logged in
2023-01-19 12:50:20,133 :: reza Logged in
2023-01-19 12:51:50,827 :: reza Logged in
2023-01-19 12:54:06,668 :: reza Logged in
2023-01-19 14:10:56,508 :: reza Logged in
2023-01-22 13:39:59,768 :: soheil Logged in
2023-01-25 13:13:25,308 :: soheil Logged in
2023-01-25 13:14:59,939 :: soheil Logged in
2023-01-25 13:15:34,718 :: soheil Logged in
2023-01-25 13:17:48,963 :: soheil Logged in
2023-01-25 13:19:59,476 :: soheil Logged in
2023-01-25 13:21:22,219 :: soheil Logged in
2023-01-25 13:22:18,409 :: soheil Logged in
2023-01-25 13:22:51,066 :: soheil Logged in
2023-01-25 13:23:27,735 :: soheil Logged in
2023-01-25 13:31:13,908 :: soheil Logged in
2023-01-25 13:35:54,536 :: soheil Logged in
2023-01-25 13:36:33,996 :: soheil Logged in
2023-01-25 13:38:16,614 :: soheil Logged in
2023-01-25 13:40:55,259 :: soheil Logged in
2023-01-25 13:43:20,146 :: soheil Logged in
2023-01-25 13:44:04,906 :: soheil Logged in
2023-01-25 13:46:16,699 :: soheil Logged in
2023-01-25 13:52:25,549 :: soheil Logged in
2023-01-25 13:53:00,375 :: soheil Logged in
2023-01-25 13:57:34,675 :: soheil Logged in
2023-01-25 14:01:00,523 :: soheil Logged in
2023-01-25 14:31:10,424 :: soheil Logged in
2023-01-25 14:31:55,644 :: soheil Logged in
2023-01-25 14:32:15,376 :: soheil Logged in
2023-01-25 14:33:29,458 :: soheil Logged in
2023-01-25 14:37:48,528 :: soheil Logged in
2023-01-25 14:39:01,428 :: soheil Logged in
2023-01-25 14:40:16,838 :: soheil Logged in
2023-01-25 17:36:38,709 :: soheil Logged in
2023-01-25 19:38:04,980 :: soheil Logged in
