INFO :: hello :: 2023-01-19 10:13:24,208
INFO :: The game was opened by anonymous :: 2023-01-19 10:17:04,127
INFO :: Anonymous started the game :: 2023-01-19 10:29:31,844
INFO :: Anonymous started the game :: 2023-01-19 10:31:43,575
INFO :: Anonymous started the game :: 2023-01-19 10:38:58,913
INFO :: Anonymous started the game :: 2023-01-19 10:48:03,946
INFO :: reza Logged in :: 2023-01-19 10:48:38,104
INFO :: reza Logged out :: 2023-01-19 10:48:39,639
INFO :: Anonymous Exited the game in homepage :: 2023-01-19 10:48:40,572
INFO :: Anonymous started the game :: 2023-01-19 10:58:17,792
INFO :: reza Logged in :: 2023-01-19 10:58:27,599
INFO :: reza started the game :: 2023-01-19 10:58:33,337
INFO :: Anonymous started the game :: 2023-01-19 10:59:30,399
INFO :: reza Logged in :: 2023-01-19 10:59:36,922
INFO :: reza started the game :: 2023-01-19 10:59:37,836
INFO :: Anonymous started the game :: 2023-01-19 10:59:46,238
INFO :: reza Logged in :: 2023-01-19 10:59:46,238
INFO :: reza started the game :: 2023-01-19 10:59:48,807
INFO :: Anonymous started the game :: 2023-01-19 11:01:09,791
INFO :: reza Logged in :: 2023-01-19 11:01:16,050
INFO :: reza started the game :: 2023-01-19 11:01:16,742
INFO :: Anonymous started the game :: 2023-01-19 11:01:35,353
INFO :: reza Logged in :: 2023-01-19 11:01:35,353
INFO :: reza started the game :: 2023-01-19 11:01:41,159
INFO :: Anonymous started the game :: 2023-01-19 11:01:43,020
INFO :: reza Logged in :: 2023-01-19 11:01:43,020
INFO :: reza started the game :: 2023-01-19 11:01:44,555
INFO :: Anonymous started the game :: 2023-01-19 11:01:45,456
INFO :: reza Logged in :: 2023-01-19 11:01:45,456
INFO :: reza started the game :: 2023-01-19 11:01:46,181
INFO :: Anonymous started the game :: 2023-01-19 11:01:47,314
INFO :: reza Logged in :: 2023-01-19 11:01:47,314
INFO :: reza started the game :: 2023-01-19 11:01:48,017
INFO :: Anonymous started the game :: 2023-01-19 11:01:48,978
INFO :: reza Logged in :: 2023-01-19 11:01:48,978
INFO :: reza Logged out :: 2023-01-19 11:01:52,230
INFO :: Anonymous Exited the game in homepage :: 2023-01-19 11:01:52,722
INFO :: Anonymous started the game :: 2023-01-19 11:38:58,018
INFO :: Anonymous started the game :: 2023-01-19 11:39:33,230
INFO :: Anonymous started the game :: 2023-01-19 11:40:45,256
INFO :: matin Logged in :: 2023-01-19 11:41:18,525
INFO :: matin started the game :: 2023-01-19 11:41:20,131
INFO :: Anonymous started the game :: 2023-01-19 11:41:23,178
INFO :: matin Logged in :: 2023-01-19 11:41:23,178
INFO :: matin Logged out :: 2023-01-19 11:41:23,712
INFO :: Anonymous Exited the game in homepage :: 2023-01-19 11:41:25,267
INFO :: Anonymous started the game :: 2023-01-19 11:44:24,223
INFO :: Anonymous started the game :: 2023-01-19 11:53:57,612
INFO :: Anonymous started the game :: 2023-01-19 11:54:52,763
INFO :: soheil Logged in :: 2023-01-19 11:55:12,413
INFO :: soheil Logged out :: 2023-01-19 11:55:20,521
INFO :: Anonymous Exited the game in homepage :: 2023-01-19 11:55:21,313
INFO :: Anonymous started the game :: 2023-01-19 11:59:05,933
INFO :: b Logged in :: 2023-01-19 11:59:14,270
INFO :: b Logged out :: 2023-01-19 11:59:40,046
INFO :: Anonymous Exited the game in homepage :: 2023-01-19 11:59:41,042
INFO :: Anonymous started the game :: 2023-01-19 11:59:43,494
INFO :: b Logged in :: 2023-01-19 11:59:47,203
INFO :: b Logged out :: 2023-01-19 11:59:56,039
INFO :: Anonymous Exited the game in homepage :: 2023-01-19 11:59:56,760
INFO :: Anonymous started the game :: 2023-01-19 12:01:41,958
INFO :: Anonymous Exited the game in homepage :: 2023-01-19 12:01:45,468
INFO :: Anonymous started the game :: 2023-01-19 12:01:56,718
INFO :: Anonymous Exited the game in homepage :: 2023-01-19 12:02:13,782
INFO :: Anonymous started the game :: 2023-01-19 12:02:52,327
INFO :: Anonymous Exited the game in homepage :: 2023-01-19 12:03:15,489
INFO :: Anonymous started the game :: 2023-01-19 12:05:36,462
INFO :: Anonymous Exited the game in homepage :: 2023-01-19 12:06:19,962
INFO :: Anonymous started the game :: 2023-01-19 12:06:21,035
INFO :: soheil Logged in :: 2023-01-19 12:06:39,425
INFO :: soheil Logged out :: 2023-01-19 12:06:40,930
INFO :: Anonymous started the game :: 2023-01-19 12:09:03,823
INFO :: Anonymous started the game :: 2023-01-19 12:10:48,542
INFO :: Anonymous started the game :: 2023-01-19 12:12:28,475
INFO :: soheil Logged in :: 2023-01-19 12:13:30,605
INFO :: soheil Logged out :: 2023-01-19 12:13:31,779
INFO :: Anonymous Exited the game in homepage :: 2023-01-19 12:13:32,720
INFO :: Anonymous started the game :: 2023-01-19 12:14:12,797
INFO :: soheil1 Logged in :: 2023-01-19 12:14:40,220
INFO :: soheil1 started the game :: 2023-01-19 12:14:41,130
INFO :: Anonymous started the game :: 2023-01-19 12:15:13,372
INFO :: soheil1 Logged in :: 2023-01-19 12:15:13,372
INFO :: soheil1 Logged out :: 2023-01-19 12:15:24,000
INFO :: Anonymous Exited the game in homepage :: 2023-01-19 12:15:24,788
INFO :: Anonymous started the game :: 2023-01-19 12:15:35,752
INFO :: Anonymous Exited the game in homepage :: 2023-01-19 12:15:42,741
INFO :: Anonymous started the game :: 2023-01-19 12:15:46,857
INFO :: soheil Logged in :: 2023-01-19 12:15:53,574
INFO :: soheil Logged out :: 2023-01-19 12:15:58,143
INFO :: Anonymous Exited the game in homepage :: 2023-01-19 12:15:58,995
INFO :: Anonymous started the game :: 2023-01-19 12:16:36,296
INFO :: soheil Logged in :: 2023-01-19 12:16:42,638
INFO :: soheil started the game :: 2023-01-19 12:16:43,470
INFO :: Anonymous started the game :: 2023-01-19 12:17:31,730
INFO :: soheil Logged in :: 2023-01-19 12:17:31,730
INFO :: soheil started the game :: 2023-01-19 12:17:41,952
INFO :: Anonymous started the game :: 2023-01-19 12:18:02,406
INFO :: soheil Logged in :: 2023-01-19 12:18:02,406
INFO :: soheil started the game :: 2023-01-19 12:18:12,847
INFO :: Anonymous started the game :: 2023-01-19 12:18:55,053
INFO :: soheil Logged in :: 2023-01-19 12:18:55,053
INFO :: soheil Logged out :: 2023-01-19 12:19:05,713
INFO :: soheil1 Logged in :: 2023-01-19 12:19:11,986
INFO :: soheil1 started the game :: 2023-01-19 12:19:12,829
INFO :: Anonymous started the game :: 2023-01-19 12:20:02,710
INFO :: soheil1 Logged in :: 2023-01-19 12:20:02,710
INFO :: soheil1 Logged out :: 2023-01-19 12:20:12,703
INFO :: Anonymous Exited the game in homepage :: 2023-01-19 12:20:13,339
INFO :: Anonymous started the game :: 2023-01-19 12:46:28,183
INFO :: reza Logged in :: 2023-01-19 12:46:45,863
INFO :: reza started the game :: 2023-01-19 12:46:46,998
INFO :: Anonymous started the game :: 2023-01-19 12:47:31,281
INFO :: reza Logged in :: 2023-01-19 12:47:42,057
INFO :: reza started the game :: 2023-01-19 12:47:44,072
INFO :: Anonymous started the game :: 2023-01-19 12:47:53,845
INFO :: Anonymous Exited the game in homepage :: 2023-01-19 12:47:55,351
INFO :: Anonymous started the game :: 2023-01-19 12:50:13,225
INFO :: reza Logged in :: 2023-01-19 12:50:20,134
INFO :: reza started the game :: 2023-01-19 12:50:20,857
INFO :: Anonymous started the game :: 2023-01-19 12:51:41,265
INFO :: reza Logged in :: 2023-01-19 12:51:50,828
INFO :: reza started the game :: 2023-01-19 12:51:51,572
INFO :: Anonymous started the game :: 2023-01-19 12:54:00,340
INFO :: reza Logged in :: 2023-01-19 12:54:06,669
INFO :: reza started the game :: 2023-01-19 12:54:07,701
INFO :: Anonymous started the game :: 2023-01-19 12:54:47,998
INFO :: reza Logged in :: 2023-01-19 12:54:47,998
INFO :: reza Logged out :: 2023-01-19 12:54:48,337
INFO :: Anonymous Exited the game in homepage :: 2023-01-19 12:54:48,700
INFO :: Anonymous started the game :: 2023-01-19 14:10:49,192
INFO :: reza Logged in :: 2023-01-19 14:10:56,510
INFO :: reza started the game :: 2023-01-19 14:10:57,644
INFO :: Anonymous started the game :: 2023-01-19 14:11:16,217
INFO :: reza Logged in :: 2023-01-19 14:11:16,217
INFO :: reza started the game :: 2023-01-19 14:11:17,530
INFO :: Anonymous started the game :: 2023-01-19 14:11:26,572
INFO :: reza Logged in :: 2023-01-19 14:11:26,572
INFO :: reza Logged out :: 2023-01-19 14:11:34,646
INFO :: Anonymous Exited the game in homepage :: 2023-01-19 14:11:35,225
INFO :: Anonymous started the game :: 2023-01-22 13:39:49,756
INFO :: soheil Logged in :: 2023-01-22 13:39:59,769
INFO :: soheil started the game :: 2023-01-22 13:40:05,334
INFO :: Anonymous started the game :: 2023-01-22 13:40:09,875
INFO :: soheil Logged in :: 2023-01-22 13:40:09,876
INFO :: soheil started the game :: 2023-01-22 13:40:11,349
INFO :: Anonymous started the game :: 2023-01-22 13:40:13,643
INFO :: soheil Logged in :: 2023-01-22 13:40:13,643
INFO :: soheil started the game :: 2023-01-22 13:40:14,748
INFO :: Anonymous started the game :: 2023-01-22 13:40:16,029
INFO :: soheil Logged in :: 2023-01-22 13:40:16,029
INFO :: soheil started the game :: 2023-01-22 13:40:19,216
INFO :: Anonymous started the game :: 2023-01-22 13:40:41,330
INFO :: soheil Logged in :: 2023-01-22 13:40:41,331
INFO :: soheil Logged out :: 2023-01-22 13:40:42,145
INFO :: Anonymous Exited the game in homepage :: 2023-01-22 13:40:42,779
INFO :: Anonymous started the game :: 2023-01-24 13:41:07,636
INFO :: Anonymous Exited the game in homepage :: 2023-01-24 13:41:13,772
INFO :: Anonymous started the game :: 2023-01-24 13:41:26,513
INFO :: Anonymous Exited the game in homepage :: 2023-01-24 13:41:26,980
INFO :: Anonymous started the game :: 2023-01-24 13:43:22,549
INFO :: Anonymous Exited the game in homepage :: 2023-01-24 13:43:23,662
INFO :: Anonymous started the game :: 2023-01-24 13:43:54,337
INFO :: Anonymous Exited the game in homepage :: 2023-01-24 13:43:54,995
INFO :: Anonymous started the game :: 2023-01-24 13:46:32,619
INFO :: Anonymous Exited the game in homepage :: 2023-01-24 13:46:33,381
INFO :: Anonymous started the game :: 2023-01-24 13:47:17,569
INFO :: Anonymous Exited the game in homepage :: 2023-01-24 13:47:18,819
INFO :: Anonymous started the game :: 2023-01-24 13:48:01,244
INFO :: Anonymous Exited the game in homepage :: 2023-01-24 13:48:02,215
INFO :: Anonymous started the game :: 2023-01-24 23:11:02,423
INFO :: Anonymous Exited the game in homepage :: 2023-01-24 23:11:02,893
INFO :: Anonymous started the game :: 2023-01-24 23:24:12,448
INFO :: Anonymous Exited the game in homepage :: 2023-01-24 23:24:14,593
INFO :: Anonymous started the game :: 2023-01-24 23:24:53,118
INFO :: Anonymous Exited the game in homepage :: 2023-01-24 23:24:53,508
INFO :: Anonymous started the game :: 2023-01-24 23:42:14,018
INFO :: Anonymous Exited the game in homepage :: 2023-01-24 23:42:14,852
INFO :: Anonymous started the game :: 2023-01-24 23:42:22,786
INFO :: Anonymous Exited the game in homepage :: 2023-01-24 23:42:23,734
INFO :: Anonymous started the game :: 2023-01-25 00:01:39,979
INFO :: Anonymous Exited the game in homepage :: 2023-01-25 00:01:40,678
INFO :: Anonymous started the game :: 2023-01-25 00:51:29,891
INFO :: Anonymous Exited the game in homepage :: 2023-01-25 00:51:31,437
INFO :: Anonymous started the game :: 2023-01-25 00:52:14,861
INFO :: Anonymous Exited the game in homepage :: 2023-01-25 00:52:15,927
INFO :: Anonymous started the game :: 2023-01-25 00:52:30,398
INFO :: Anonymous Exited the game in homepage :: 2023-01-25 00:52:31,520
INFO :: Anonymous started the game :: 2023-01-25 00:52:34,454
INFO :: Anonymous Exited the game in homepage :: 2023-01-25 00:52:36,042
INFO :: Anonymous started the game :: 2023-01-25 00:52:38,893
INFO :: Anonymous Exited the game in homepage :: 2023-01-25 00:52:40,134
INFO :: Anonymous started the game :: 2023-01-25 00:52:45,102
INFO :: Anonymous Exited the game in homepage :: 2023-01-25 00:52:47,697
INFO :: Anonymous started the game :: 2023-01-25 00:59:19,938
INFO :: Anonymous Exited the game in homepage :: 2023-01-25 00:59:22,063
INFO :: Anonymous started the game :: 2023-01-25 00:59:27,642
INFO :: Anonymous Exited the game in homepage :: 2023-01-25 00:59:28,240
INFO :: Anonymous started the game :: 2023-01-25 00:59:33,826
INFO :: Anonymous Exited the game in homepage :: 2023-01-25 00:59:35,896
INFO :: Anonymous started the game :: 2023-01-25 00:59:38,567
INFO :: Anonymous Exited the game in homepage :: 2023-01-25 00:59:39,311
INFO :: Anonymous started the game :: 2023-01-25 00:59:41,214
INFO :: Anonymous Exited the game in homepage :: 2023-01-25 00:59:41,943
INFO :: Anonymous started the game :: 2023-01-25 00:59:43,539
INFO :: Anonymous Exited the game in homepage :: 2023-01-25 00:59:44,215
INFO :: Anonymous started the game :: 2023-01-25 00:59:45,771
INFO :: Anonymous Exited the game in homepage :: 2023-01-25 00:59:46,536
INFO :: Anonymous started the game :: 2023-01-25 00:59:53,081
INFO :: Anonymous Exited the game in homepage :: 2023-01-25 00:59:54,161
INFO :: Anonymous started the game :: 2023-01-25 11:12:32,852
INFO :: Anonymous Exited the game in homepage :: 2023-01-25 11:12:34,079
INFO :: Anonymous started the game :: 2023-01-25 11:12:35,998
INFO :: Anonymous Exited the game in homepage :: 2023-01-25 11:12:37,236
INFO :: Anonymous started the game :: 2023-01-25 11:12:39,220
INFO :: Anonymous Exited the game in homepage :: 2023-01-25 11:12:40,354
INFO :: Anonymous started the game :: 2023-01-25 11:12:42,387
INFO :: Anonymous Exited the game in homepage :: 2023-01-25 11:12:43,202
INFO :: Anonymous started the game :: 2023-01-25 11:12:44,976
INFO :: Anonymous Exited the game in homepage :: 2023-01-25 11:12:45,665
INFO :: Anonymous started the game :: 2023-01-25 11:12:47,368
INFO :: Anonymous Exited the game in homepage :: 2023-01-25 11:12:48,085
INFO :: Anonymous started the game :: 2023-01-25 11:12:49,665
INFO :: Anonymous Exited the game in homepage :: 2023-01-25 11:12:50,342
INFO :: Anonymous started the game :: 2023-01-25 11:12:51,958
INFO :: Anonymous Exited the game in homepage :: 2023-01-25 11:12:53,041
INFO :: Anonymous started the game :: 2023-01-25 11:13:26,570
INFO :: Anonymous Exited the game in homepage :: 2023-01-25 11:13:27,289
INFO :: Anonymous started the game :: 2023-01-25 11:16:56,187
INFO :: Anonymous Exited the game in homepage :: 2023-01-25 11:16:56,748
INFO :: Anonymous started the game :: 2023-01-25 11:16:58,833
INFO :: Anonymous Exited the game in homepage :: 2023-01-25 11:16:59,394
INFO :: Anonymous started the game :: 2023-01-25 11:17:01,703
INFO :: Anonymous Exited the game in homepage :: 2023-01-25 11:17:02,286
INFO :: Anonymous started the game :: 2023-01-25 11:17:03,941
INFO :: Anonymous Exited the game in homepage :: 2023-01-25 11:17:05,143
INFO :: Anonymous started the game :: 2023-01-25 11:17:08,206
INFO :: Anonymous Exited the game in homepage :: 2023-01-25 11:17:08,869
INFO :: Anonymous started the game :: 2023-01-25 11:17:10,785
INFO :: Anonymous Exited the game in homepage :: 2023-01-25 11:17:11,679
INFO :: Anonymous started the game :: 2023-01-25 11:17:13,292
INFO :: Anonymous Exited the game in homepage :: 2023-01-25 11:17:14,322
INFO :: Anonymous started the game :: 2023-01-25 11:32:28,027
INFO :: Anonymous Exited the game in homepage :: 2023-01-25 11:32:35,447
INFO :: Anonymous started the game :: 2023-01-25 11:32:37,964
INFO :: Anonymous Exited the game in homepage :: 2023-01-25 11:32:38,760
INFO :: Anonymous started the game :: 2023-01-25 11:32:40,248
INFO :: Anonymous Exited the game in homepage :: 2023-01-25 11:32:40,821
INFO :: Anonymous started the game :: 2023-01-25 11:32:42,195
INFO :: Anonymous Exited the game in homepage :: 2023-01-25 11:32:42,871
INFO :: Anonymous started the game :: 2023-01-25 11:32:44,129
INFO :: Anonymous Exited the game in homepage :: 2023-01-25 11:32:44,800
INFO :: Anonymous started the game :: 2023-01-25 13:13:18,553
INFO :: soheil Logged in :: 2023-01-25 13:13:25,309
INFO :: soheil started the game :: 2023-01-25 13:13:26,288
INFO :: Anonymous started the game :: 2023-01-25 13:13:42,783
INFO :: soheil Logged in :: 2023-01-25 13:13:42,783
INFO :: soheil Logged out :: 2023-01-25 13:13:43,366
INFO :: Anonymous Exited the game in homepage :: 2023-01-25 13:13:43,777
INFO :: Anonymous started the game :: 2023-01-25 13:14:55,048
INFO :: soheil Logged in :: 2023-01-25 13:14:59,939
INFO :: soheil started the game :: 2023-01-25 13:15:00,745
INFO :: Anonymous started the game :: 2023-01-25 13:15:08,573
INFO :: soheil Logged in :: 2023-01-25 13:15:08,573
INFO :: soheil Logged out :: 2023-01-25 13:15:09,273
INFO :: Anonymous Exited the game in homepage :: 2023-01-25 13:15:09,920
INFO :: Anonymous started the game :: 2023-01-25 13:15:30,131
INFO :: soheil Logged in :: 2023-01-25 13:15:34,719
INFO :: soheil started the game :: 2023-01-25 13:15:35,238
INFO :: Anonymous started the game :: 2023-01-25 13:15:52,187
INFO :: soheil Logged in :: 2023-01-25 13:15:52,187
INFO :: soheil Logged out :: 2023-01-25 13:15:55,462
INFO :: Anonymous Exited the game in homepage :: 2023-01-25 13:15:55,987
INFO :: Anonymous started the game :: 2023-01-25 13:17:44,787
INFO :: soheil Logged in :: 2023-01-25 13:17:48,963
INFO :: soheil started the game :: 2023-01-25 13:17:49,521
INFO :: Anonymous started the game :: 2023-01-25 13:18:08,697
INFO :: soheil Logged in :: 2023-01-25 13:18:08,697
INFO :: soheil Logged out :: 2023-01-25 13:18:09,200
INFO :: Anonymous Exited the game in homepage :: 2023-01-25 13:18:09,820
INFO :: Anonymous started the game :: 2023-01-25 13:19:53,489
INFO :: soheil Logged in :: 2023-01-25 13:19:59,477
INFO :: soheil started the game :: 2023-01-25 13:20:00,097
INFO :: Anonymous started the game :: 2023-01-25 13:20:26,062
INFO :: soheil Logged in :: 2023-01-25 13:20:26,063
INFO :: soheil Logged out :: 2023-01-25 13:20:26,642
INFO :: Anonymous Exited the game in homepage :: 2023-01-25 13:20:27,186
INFO :: Anonymous started the game :: 2023-01-25 13:21:15,520
INFO :: soheil Logged in :: 2023-01-25 13:21:22,220
INFO :: soheil started the game :: 2023-01-25 13:21:22,794
INFO :: Anonymous started the game :: 2023-01-25 13:21:49,518
INFO :: soheil Logged in :: 2023-01-25 13:21:49,518
INFO :: soheil Logged out :: 2023-01-25 13:21:50,119
INFO :: Anonymous Exited the game in homepage :: 2023-01-25 13:21:51,850
INFO :: Anonymous started the game :: 2023-01-25 13:22:14,077
INFO :: soheil Logged in :: 2023-01-25 13:22:18,410
INFO :: soheil started the game :: 2023-01-25 13:22:19,009
INFO :: Anonymous started the game :: 2023-01-25 13:22:28,885
INFO :: soheil Logged in :: 2023-01-25 13:22:28,885
INFO :: soheil Logged out :: 2023-01-25 13:22:29,542
INFO :: Anonymous Exited the game in homepage :: 2023-01-25 13:22:29,780
INFO :: Anonymous started the game :: 2023-01-25 13:22:46,525
INFO :: soheil Logged in :: 2023-01-25 13:22:51,066
INFO :: soheil started the game :: 2023-01-25 13:22:51,685
INFO :: Anonymous started the game :: 2023-01-25 13:23:08,831
INFO :: soheil Logged in :: 2023-01-25 13:23:08,831
INFO :: soheil Logged out :: 2023-01-25 13:23:09,330
INFO :: Anonymous Exited the game in homepage :: 2023-01-25 13:23:09,858
INFO :: Anonymous started the game :: 2023-01-25 13:23:18,218
INFO :: soheil Logged in :: 2023-01-25 13:23:27,736
INFO :: soheil started the game :: 2023-01-25 13:23:28,295
INFO :: Anonymous started the game :: 2023-01-25 13:30:37,943
INFO :: soheil Logged in :: 2023-01-25 13:30:37,944
INFO :: soheil Logged out :: 2023-01-25 13:30:38,259
INFO :: Anonymous Exited the game in homepage :: 2023-01-25 13:30:38,595
INFO :: Anonymous started the game :: 2023-01-25 13:31:03,510
INFO :: soheil Logged in :: 2023-01-25 13:31:13,908
INFO :: soheil started the game :: 2023-01-25 13:31:14,576
INFO :: Anonymous started the game :: 2023-01-25 13:31:56,196
INFO :: soheil Logged in :: 2023-01-25 13:31:56,196
INFO :: soheil Logged out :: 2023-01-25 13:31:56,457
INFO :: Anonymous Exited the game in homepage :: 2023-01-25 13:31:56,890
INFO :: Anonymous started the game :: 2023-01-25 13:35:47,133
INFO :: soheil Logged in :: 2023-01-25 13:35:54,537
INFO :: soheil started the game :: 2023-01-25 13:35:55,102
INFO :: Anonymous started the game :: 2023-01-25 13:36:06,888
INFO :: soheil Logged in :: 2023-01-25 13:36:06,888
INFO :: soheil Logged out :: 2023-01-25 13:36:07,585
INFO :: Anonymous Exited the game in homepage :: 2023-01-25 13:36:08,081
INFO :: Anonymous started the game :: 2023-01-25 13:36:27,827
INFO :: soheil Logged in :: 2023-01-25 13:36:33,996
INFO :: soheil started the game :: 2023-01-25 13:36:34,767
INFO :: Anonymous started the game :: 2023-01-25 13:36:38,992
INFO :: soheil Logged in :: 2023-01-25 13:36:38,992
INFO :: soheil Logged out :: 2023-01-25 13:36:39,357
INFO :: Anonymous Exited the game in homepage :: 2023-01-25 13:36:39,893
INFO :: Anonymous started the game :: 2023-01-25 13:37:56,858
INFO :: Anonymous Exited the game in homepage :: 2023-01-25 13:38:01,111
INFO :: Anonymous started the game :: 2023-01-25 13:38:11,920
INFO :: soheil Logged in :: 2023-01-25 13:38:16,614
INFO :: soheil started the game :: 2023-01-25 13:38:17,426
INFO :: Anonymous started the game :: 2023-01-25 13:38:39,574
INFO :: soheil Logged in :: 2023-01-25 13:38:39,574
INFO :: soheil Logged out :: 2023-01-25 13:38:40,524
INFO :: Anonymous Exited the game in homepage :: 2023-01-25 13:38:41,106
INFO :: Anonymous started the game :: 2023-01-25 13:40:49,685
INFO :: soheil Logged in :: 2023-01-25 13:40:55,260
INFO :: soheil started the game :: 2023-01-25 13:40:55,917
INFO :: Anonymous started the game :: 2023-01-25 13:41:05,770
INFO :: soheil Logged in :: 2023-01-25 13:41:05,770
INFO :: soheil started the game :: 2023-01-25 13:41:07,842
INFO :: Anonymous started the game :: 2023-01-25 13:41:21,475
INFO :: soheil Logged in :: 2023-01-25 13:41:21,475
INFO :: soheil Logged out :: 2023-01-25 13:41:22,190
INFO :: Anonymous Exited the game in homepage :: 2023-01-25 13:41:22,600
INFO :: Anonymous started the game :: 2023-01-25 13:43:14,747
INFO :: soheil Logged in :: 2023-01-25 13:43:20,147
INFO :: soheil started the game :: 2023-01-25 13:43:20,874
INFO :: Anonymous started the game :: 2023-01-25 13:43:28,449
INFO :: soheil Logged in :: 2023-01-25 13:43:28,449
INFO :: soheil Logged out :: 2023-01-25 13:43:28,928
INFO :: Anonymous Exited the game in homepage :: 2023-01-25 13:43:29,365
INFO :: Anonymous started the game :: 2023-01-25 13:44:00,761
INFO :: soheil Logged in :: 2023-01-25 13:44:04,906
INFO :: soheil started the game :: 2023-01-25 13:44:05,448
INFO :: Anonymous started the game :: 2023-01-25 13:44:23,586
INFO :: soheil Logged in :: 2023-01-25 13:44:23,586
INFO :: soheil Logged out :: 2023-01-25 13:44:24,057
INFO :: Anonymous Exited the game in homepage :: 2023-01-25 13:44:24,501
INFO :: Anonymous started the game :: 2023-01-25 13:46:10,547
INFO :: soheil Logged in :: 2023-01-25 13:46:16,700
INFO :: soheil started the game :: 2023-01-25 13:46:17,331
INFO :: Anonymous started the game :: 2023-01-25 13:46:50,741
INFO :: soheil Logged in :: 2023-01-25 13:46:50,741
INFO :: soheil Logged out :: 2023-01-25 13:46:50,973
INFO :: Anonymous Exited the game in homepage :: 2023-01-25 13:46:52,207
INFO :: Anonymous started the game :: 2023-01-25 13:52:20,436
INFO :: soheil Logged in :: 2023-01-25 13:52:25,550
INFO :: soheil started the game :: 2023-01-25 13:52:26,358
INFO :: Anonymous started the game :: 2023-01-25 13:52:41,079
INFO :: soheil Logged in :: 2023-01-25 13:52:41,079
INFO :: soheil Logged out :: 2023-01-25 13:52:41,351
INFO :: Anonymous Exited the game in homepage :: 2023-01-25 13:52:41,591
INFO :: Anonymous started the game :: 2023-01-25 13:52:56,261
INFO :: soheil Logged in :: 2023-01-25 13:53:00,375
INFO :: soheil started the game :: 2023-01-25 13:53:01,058
INFO :: Anonymous started the game :: 2023-01-25 13:53:06,643
INFO :: soheil Logged in :: 2023-01-25 13:53:06,643
INFO :: soheil Logged out :: 2023-01-25 13:53:07,234
INFO :: Anonymous Exited the game in homepage :: 2023-01-25 13:53:07,765
INFO :: Anonymous started the game :: 2023-01-25 13:57:30,519
INFO :: soheil Logged in :: 2023-01-25 13:57:34,675
INFO :: soheil started the game :: 2023-01-25 13:57:35,325
INFO :: Anonymous started the game :: 2023-01-25 13:57:42,411
INFO :: soheil Logged in :: 2023-01-25 13:57:42,411
INFO :: soheil started the game :: 2023-01-25 13:57:55,528
INFO :: Anonymous started the game :: 2023-01-25 13:58:03,238
INFO :: soheil Logged in :: 2023-01-25 13:58:03,238
INFO :: soheil Logged out :: 2023-01-25 13:58:03,663
INFO :: Anonymous Exited the game in homepage :: 2023-01-25 13:58:04,102
INFO :: Anonymous started the game :: 2023-01-25 14:00:54,658
INFO :: soheil Logged in :: 2023-01-25 14:01:00,524
INFO :: soheil started the game :: 2023-01-25 14:01:01,177
INFO :: Anonymous started the game :: 2023-01-25 14:01:21,575
INFO :: soheil Logged in :: 2023-01-25 14:01:21,575
INFO :: soheil Logged out :: 2023-01-25 14:01:22,953
INFO :: Anonymous Exited the game in homepage :: 2023-01-25 14:01:23,535
INFO :: Anonymous started the game :: 2023-01-25 14:31:06,023
INFO :: soheil Logged in :: 2023-01-25 14:31:10,424
INFO :: soheil started the game :: 2023-01-25 14:31:11,090
INFO :: Anonymous started the game :: 2023-01-25 14:31:16,833
INFO :: soheil Logged in :: 2023-01-25 14:31:16,833
INFO :: soheil started the game :: 2023-01-25 14:31:19,240
INFO :: Anonymous started the game :: 2023-01-25 14:31:22,618
INFO :: soheil Logged in :: 2023-01-25 14:31:22,618
INFO :: soheil Logged out :: 2023-01-25 14:31:23,036
INFO :: Anonymous Exited the game in homepage :: 2023-01-25 14:31:23,515
INFO :: Anonymous started the game :: 2023-01-25 14:31:50,461
INFO :: soheil Logged in :: 2023-01-25 14:31:55,644
INFO :: soheil started the game :: 2023-01-25 14:31:56,359
INFO :: Anonymous started the game :: 2023-01-25 14:32:01,227
INFO :: soheil Logged in :: 2023-01-25 14:32:01,227
INFO :: soheil Logged out :: 2023-01-25 14:32:01,756
INFO :: Anonymous Exited the game in homepage :: 2023-01-25 14:32:02,292
INFO :: Anonymous started the game :: 2023-01-25 14:32:10,817
INFO :: soheil Logged in :: 2023-01-25 14:32:15,376
INFO :: soheil started the game :: 2023-01-25 14:32:16,129
INFO :: Anonymous started the game :: 2023-01-25 14:32:25,147
INFO :: soheil Logged in :: 2023-01-25 14:32:25,147
INFO :: soheil Logged out :: 2023-01-25 14:32:25,408
INFO :: Anonymous Exited the game in homepage :: 2023-01-25 14:32:25,631
INFO :: Anonymous started the game :: 2023-01-25 14:33:24,144
INFO :: soheil Logged in :: 2023-01-25 14:33:29,458
INFO :: soheil started the game :: 2023-01-25 14:33:30,241
INFO :: Anonymous started the game :: 2023-01-25 14:34:19,278
INFO :: soheil Logged in :: 2023-01-25 14:34:19,278
INFO :: soheil started the game :: 2023-01-25 14:34:30,501
INFO :: Anonymous started the game :: 2023-01-25 14:35:28,947
INFO :: soheil Logged in :: 2023-01-25 14:35:28,947
INFO :: soheil Logged out :: 2023-01-25 14:35:32,351
INFO :: Anonymous Exited the game in homepage :: 2023-01-25 14:35:32,803
INFO :: Anonymous started the game :: 2023-01-25 14:37:43,739
INFO :: soheil Logged in :: 2023-01-25 14:37:48,529
INFO :: soheil started the game :: 2023-01-25 14:37:49,312
INFO :: Anonymous started the game :: 2023-01-25 14:37:52,334
INFO :: soheil Logged in :: 2023-01-25 14:37:52,334
INFO :: soheil Logged out :: 2023-01-25 14:37:52,663
INFO :: Anonymous Exited the game in homepage :: 2023-01-25 14:37:53,172
INFO :: Anonymous started the game :: 2023-01-25 14:38:56,639
INFO :: soheil Logged in :: 2023-01-25 14:39:01,428
INFO :: soheil started the game :: 2023-01-25 14:39:01,975
INFO :: Anonymous started the game :: 2023-01-25 14:39:11,020
INFO :: soheil Logged in :: 2023-01-25 14:39:11,020
INFO :: soheil Logged out :: 2023-01-25 14:39:11,324
INFO :: Anonymous Exited the game in homepage :: 2023-01-25 14:39:11,833
INFO :: Anonymous started the game :: 2023-01-25 14:40:11,683
INFO :: soheil Logged in :: 2023-01-25 14:40:16,838
INFO :: soheil started the game :: 2023-01-25 14:40:18,209
INFO :: Anonymous started the game :: 2023-01-25 14:40:49,298
INFO :: soheil Logged in :: 2023-01-25 14:40:49,298
INFO :: soheil Logged out :: 2023-01-25 14:40:49,639
INFO :: Anonymous Exited the game in homepage :: 2023-01-25 14:40:49,994
INFO :: Anonymous started the game :: 2023-01-25 17:36:33,324
INFO :: soheil Logged in :: 2023-01-25 17:36:38,710
INFO :: soheil started the game :: 2023-01-25 17:36:39,415
INFO :: Anonymous started the game :: 2023-01-25 17:36:56,037
INFO :: soheil Logged in :: 2023-01-25 17:36:56,038
INFO :: soheil Logged out :: 2023-01-25 17:37:00,341
INFO :: Anonymous Exited the game in homepage :: 2023-01-25 17:37:01,018
INFO :: Anonymous started the game :: 2023-01-25 19:37:38,457
INFO :: Anonymous started the game :: 2023-01-25 19:38:00,369
INFO :: soheil Logged in :: 2023-01-25 19:38:04,981
INFO :: soheil started the game :: 2023-01-25 19:38:07,005
INFO :: Anonymous started the game :: 2023-01-25 19:38:25,010
INFO :: soheil Logged in :: 2023-01-25 19:38:25,010
INFO :: soheil Logged out :: 2023-01-25 19:38:26,837
INFO :: Anonymous Exited the game in homepage :: 2023-01-25 19:38:27,442
INFO :: Anonymous started the game :: 2023-01-25 20:02:32,722
INFO :: soheil Logged in :: 2023-01-25 20:02:59,194
INFO :: soheil started the game :: 2023-01-25 20:03:00,303
INFO :: Anonymous started the game :: 2023-01-25 20:03:06,070
INFO :: soheil Logged in :: 2023-01-25 20:03:06,070
INFO :: soheil Logged out :: 2023-01-25 20:03:06,390
INFO :: Anonymous Exited the game in homepage :: 2023-01-25 20:03:06,818
INFO :: Anonymous started the game :: 2023-01-25 20:03:09,579
INFO :: Anonymous started the game :: 2023-01-25 20:04:28,227
INFO :: Anonymous started the game :: 2023-01-25 20:04:54,453
INFO :: Anonymous started the game :: 2023-01-25 20:10:34,634
INFO :: Anonymous started the game :: 2023-01-25 20:11:54,367
INFO :: Anonymous started the game :: 2023-01-25 20:14:06,104
INFO :: Anonymous started the game :: 2023-01-25 20:15:13,027
INFO :: Anonymous started the game :: 2023-01-25 20:17:16,441
INFO :: soheil Logged in :: 2023-01-25 20:17:24,264
INFO :: soheil started the game :: 2023-01-25 20:17:25,060
INFO :: Anonymous started the game :: 2023-01-25 20:17:37,198
INFO :: soheil Logged in :: 2023-01-25 20:17:37,198
INFO :: soheil Logged out :: 2023-01-25 20:17:37,890
INFO :: Anonymous Exited the game in homepage :: 2023-01-25 20:17:38,372
INFO :: Anonymous started the game :: 2023-01-25 20:20:12,045
INFO :: soheil Logged in :: 2023-01-25 20:20:23,420
INFO :: soheil started the game :: 2023-01-25 20:20:25,371
INFO :: Anonymous started the game :: 2023-01-25 20:20:30,177
INFO :: soheil Logged in :: 2023-01-25 20:20:30,178
INFO :: soheil Logged out :: 2023-01-25 20:20:30,778
INFO :: Anonymous Exited the game in homepage :: 2023-01-25 20:20:31,209
INFO :: Anonymous started the game :: 2023-01-25 20:22:47,292
INFO :: soheil Logged in :: 2023-01-25 20:22:52,260
INFO :: soheil started the game :: 2023-01-25 20:22:53,525
INFO :: Anonymous started the game :: 2023-01-25 20:22:57,079
INFO :: soheil Logged in :: 2023-01-25 20:22:57,079
INFO :: soheil Logged out :: 2023-01-25 20:22:58,030
INFO :: Anonymous Exited the game in homepage :: 2023-01-25 20:22:59,059
INFO :: Anonymous started the game :: 2023-01-25 22:14:26,317
INFO :: soheil Logged in :: 2023-01-25 22:14:38,303
INFO :: soheil started the game :: 2023-01-25 22:14:41,260
INFO :: Anonymous started the game :: 2023-01-25 22:14:43,191
INFO :: soheil Logged in :: 2023-01-25 22:14:43,191
INFO :: soheil started the game :: 2023-01-25 22:14:43,926
INFO :: Anonymous started the game :: 2023-01-25 22:14:45,329
INFO :: soheil Logged in :: 2023-01-25 22:14:45,329
INFO :: soheil started the game :: 2023-01-25 22:14:46,090
INFO :: Anonymous started the game :: 2023-01-25 22:14:47,508
INFO :: soheil Logged in :: 2023-01-25 22:14:47,508
INFO :: soheil Logged out :: 2023-01-25 22:14:49,594
INFO :: Anonymous Exited the game in homepage :: 2023-01-25 22:14:50,140
INFO :: Anonymous started the game :: 2023-01-25 23:15:44,926
INFO :: soheil Logged in :: 2023-01-25 23:15:49,455
INFO :: soheil started the game :: 2023-01-25 23:15:50,267
INFO :: Anonymous started the game :: 2023-01-25 23:15:53,738
INFO :: soheil Logged in :: 2023-01-25 23:15:53,738
INFO :: soheil started the game :: 2023-01-25 23:15:56,345
INFO :: Anonymous started the game :: 2023-01-25 23:15:58,602
INFO :: soheil Logged in :: 2023-01-25 23:15:58,602
INFO :: soheil started the game :: 2023-01-25 23:15:59,357
INFO :: Anonymous started the game :: 2023-01-25 23:16:02,153
INFO :: soheil Logged in :: 2023-01-25 23:16:02,153
INFO :: soheil Logged out :: 2023-01-25 23:16:04,119
INFO :: Anonymous Exited the game in homepage :: 2023-01-25 23:16:04,894
INFO :: Anonymous started the game :: 2023-01-25 23:16:44,201
INFO :: soheil Logged in :: 2023-01-25 23:16:49,128
INFO :: soheil started the game :: 2023-01-25 23:16:49,765
INFO :: Anonymous started the game :: 2023-01-25 23:16:52,409
INFO :: soheil Logged in :: 2023-01-25 23:16:52,410
INFO :: soheil started the game :: 2023-01-25 23:16:52,921
INFO :: Anonymous started the game :: 2023-01-25 23:16:53,974
INFO :: soheil Logged in :: 2023-01-25 23:16:53,974
INFO :: soheil started the game :: 2023-01-25 23:16:54,608
INFO :: Anonymous started the game :: 2023-01-25 23:16:56,851
INFO :: soheil Logged in :: 2023-01-25 23:16:56,851
INFO :: soheil started the game :: 2023-01-25 23:16:57,424
INFO :: Anonymous started the game :: 2023-01-25 23:16:59,852
INFO :: soheil Logged in :: 2023-01-25 23:16:59,852
INFO :: soheil Logged out :: 2023-01-25 23:17:01,147
INFO :: Anonymous Exited the game in homepage :: 2023-01-25 23:17:01,860
INFO :: Anonymous started the game :: 2023-01-25 23:48:22,627
INFO :: soheil Logged in :: 2023-01-25 23:48:27,775
INFO :: soheil started the game :: 2023-01-25 23:48:30,628
INFO :: Anonymous started the game :: 2023-01-25 23:51:30,426
INFO :: soheil Logged in :: 2023-01-25 23:51:35,157
INFO :: soheil started the game :: 2023-01-25 23:51:37,274
INFO :: Anonymous started the game :: 2023-01-25 23:52:39,896
INFO :: soheil Logged in :: 2023-01-25 23:52:44,298
INFO :: soheil started the game :: 2023-01-25 23:52:45,741
INFO :: Anonymous started the game :: 2023-01-25 23:54:27,832
INFO :: soheil Logged in :: 2023-01-25 23:54:27,832
INFO :: soheil Logged out :: 2023-01-25 23:54:38,435
INFO :: Anonymous Exited the game in homepage :: 2023-01-25 23:54:38,738
INFO :: Anonymous started the game :: 2023-01-26 14:55:55,872
INFO :: Anonymous started the game :: 2023-01-26 14:57:24,578
INFO :: soheil Logged in :: 2023-01-26 15:03:59,043
INFO :: soheil Logged out :: 2023-01-26 15:04:00,189
INFO :: Anonymous Exited the game in homepage :: 2023-01-26 15:04:00,467
INFO :: Anonymous started the game :: 2023-01-27 09:27:39,529
INFO :: behdad Logged in :: 2023-01-27 09:28:40,519
INFO :: behdad started the game :: 2023-01-27 09:28:42,341
INFO :: Anonymous started the game :: 2023-01-27 09:28:50,142
INFO :: behdad Logged in :: 2023-01-27 09:28:50,142
INFO :: behdad started the game :: 2023-01-27 09:28:51,417
INFO :: Anonymous started the game :: 2023-01-27 09:29:29,822
INFO :: behdad Logged in :: 2023-01-27 09:29:29,822
INFO :: behdad Logged out :: 2023-01-27 09:29:31,917
INFO :: Anonymous Exited the game in homepage :: 2023-01-27 09:29:33,405
INFO :: Anonymous started the game :: 2023-01-27 10:13:07,417
INFO :: soheil Logged in :: 2023-01-27 10:13:12,257
INFO :: soheil started the game :: 2023-01-27 10:13:15,188
INFO :: Anonymous started the game :: 2023-01-27 10:16:57,478
INFO :: soheil Logged in :: 2023-01-27 10:17:08,698
INFO :: soheil started the game :: 2023-01-27 10:17:09,514
INFO :: Anonymous started the game :: 2023-01-27 10:17:31,211
INFO :: Anonymous started the game :: 2023-01-27 10:17:53,547
INFO :: soheil Logged in :: 2023-01-27 10:17:58,266
INFO :: soheil started the game :: 2023-01-27 10:17:59,198
INFO :: Anonymous started the game :: 2023-01-27 10:21:26,121
INFO :: soheil Logged in :: 2023-01-27 10:21:32,861
INFO :: soheil started the game :: 2023-01-27 10:21:33,961
INFO :: Anonymous started the game :: 2023-01-27 10:22:00,696
INFO :: soheil Logged in :: 2023-01-27 10:22:07,756
INFO :: soheil started the game :: 2023-01-27 10:22:08,580
INFO :: Anonymous started the game :: 2023-01-27 10:29:42,631
INFO :: soheil Logged in :: 2023-01-27 10:29:50,768
INFO :: soheil started the game :: 2023-01-27 10:29:51,920
INFO :: Anonymous started the game :: 2023-01-27 10:35:59,749
INFO :: soheil Logged in :: 2023-01-27 10:36:04,414
INFO :: soheil started the game :: 2023-01-27 10:36:05,131
INFO :: Anonymous started the game :: 2023-01-27 10:39:25,191
INFO :: soheil Logged in :: 2023-01-27 10:39:30,103
INFO :: soheil started the game :: 2023-01-27 10:39:35,247
INFO :: Anonymous started the game :: 2023-01-27 10:40:25,325
INFO :: soheil Logged in :: 2023-01-27 10:40:29,159
INFO :: soheil started the game :: 2023-01-27 10:40:30,168
INFO :: Anonymous started the game :: 2023-01-27 10:40:54,628
INFO :: soheil Logged in :: 2023-01-27 10:40:54,628
INFO :: soheil Logged out :: 2023-01-27 10:40:54,952
INFO :: Anonymous Exited the game in homepage :: 2023-01-27 10:40:55,516
INFO :: Anonymous started the game :: 2023-01-27 10:50:50,804
INFO :: soheil Logged in :: 2023-01-27 10:50:55,567
INFO :: soheil started the game :: 2023-01-27 10:50:56,696
INFO :: Anonymous started the game :: 2023-01-27 10:51:16,732
INFO :: soheil Logged in :: 2023-01-27 10:51:16,732
INFO :: soheil Logged out :: 2023-01-27 10:51:17,322
INFO :: Anonymous Exited the game in homepage :: 2023-01-27 10:51:17,866
INFO :: Anonymous started the game :: 2023-01-27 10:53:01,824
INFO :: soheil Logged in :: 2023-01-27 10:53:07,111
INFO :: soheil started the game :: 2023-01-27 10:53:08,031
INFO :: Anonymous started the game :: 2023-01-27 10:53:20,743
INFO :: soheil Logged in :: 2023-01-27 10:53:20,743
INFO :: soheil Logged out :: 2023-01-27 10:53:21,383
INFO :: Anonymous Exited the game in homepage :: 2023-01-27 10:53:21,931
INFO :: Anonymous started the game :: 2023-01-27 10:57:30,239
INFO :: soheil Logged in :: 2023-01-27 10:57:34,473
INFO :: soheil started the game :: 2023-01-27 10:57:35,099
INFO :: Anonymous started the game :: 2023-01-27 10:59:04,991
INFO :: soheil Logged in :: 2023-01-27 10:59:09,998
INFO :: soheil started the game :: 2023-01-27 10:59:10,532
INFO :: Anonymous started the game :: 2023-01-27 10:59:36,169
INFO :: soheil Logged in :: 2023-01-27 10:59:36,170
INFO :: soheil Logged out :: 2023-01-27 10:59:36,439
INFO :: Anonymous Exited the game in homepage :: 2023-01-27 10:59:36,886
INFO :: Anonymous started the game :: 2023-01-27 10:59:39,181
INFO :: soheil Logged in :: 2023-01-27 10:59:43,637
INFO :: soheil started the game :: 2023-01-27 10:59:44,824
INFO :: Anonymous started the game :: 2023-01-27 11:00:07,299
INFO :: soheil Logged in :: 2023-01-27 11:00:07,299
INFO :: soheil Logged out :: 2023-01-27 11:00:07,693
INFO :: Anonymous Exited the game in homepage :: 2023-01-27 11:00:08,262
INFO :: Anonymous started the game :: 2023-01-27 11:03:40,213
INFO :: soheil Logged in :: 2023-01-27 11:03:45,724
INFO :: soheil started the game :: 2023-01-27 11:03:47,896
INFO :: Anonymous started the game :: 2023-01-27 11:03:59,281
INFO :: soheil Logged in :: 2023-01-27 11:03:59,281
INFO :: soheil Logged out :: 2023-01-27 11:03:59,701
INFO :: Anonymous Exited the game in homepage :: 2023-01-27 11:04:00,310
INFO :: Anonymous started the game :: 2023-01-27 11:24:18,705
INFO :: soheil Logged in :: 2023-01-27 11:24:23,638
INFO :: soheil started the game :: 2023-01-27 11:24:26,044
INFO :: Anonymous started the game :: 2023-01-27 11:25:14,927
INFO :: soheil Logged in :: 2023-01-27 11:25:14,927
INFO :: soheil started the game :: 2023-01-27 11:25:16,532
INFO :: Anonymous started the game :: 2023-01-27 11:26:10,068
INFO :: soheil Logged in :: 2023-01-27 11:26:10,068
INFO :: soheil Logged out :: 2023-01-27 11:26:14,463
INFO :: Anonymous Exited the game in homepage :: 2023-01-27 11:26:14,855
INFO :: Anonymous started the game :: 2023-01-27 11:27:20,000
INFO :: Anonymous Exited the game in homepage :: 2023-01-27 11:27:23,155
INFO :: Anonymous started the game :: 2023-01-27 11:27:35,512
INFO :: soheil Logged in :: 2023-01-27 11:27:41,339
INFO :: soheil started the game :: 2023-01-27 11:27:43,047
INFO :: Anonymous started the game :: 2023-01-27 11:27:59,556
INFO :: soheil Logged in :: 2023-01-27 11:27:59,556
INFO :: soheil started the game :: 2023-01-27 11:28:00,728
INFO :: Anonymous started the game :: 2023-01-27 11:28:30,497
INFO :: soheil Logged in :: 2023-01-27 11:28:30,497
INFO :: soheil Logged out :: 2023-01-27 11:28:31,011
INFO :: Anonymous Exited the game in homepage :: 2023-01-27 11:28:31,508
INFO :: Anonymous started the game :: 2023-01-27 11:31:38,536
INFO :: soheil Logged in :: 2023-01-27 11:31:44,129
INFO :: soheil started the game :: 2023-01-27 11:31:56,135
INFO :: Anonymous started the game :: 2023-01-27 11:34:53,762
INFO :: soheil Logged in :: 2023-01-27 11:34:57,829
INFO :: soheil started the game :: 2023-01-27 11:34:59,455
INFO :: Anonymous started the game :: 2023-01-27 11:36:24,734
INFO :: soheil Logged in :: 2023-01-27 11:36:24,734
INFO :: soheil Logged out :: 2023-01-27 11:36:25,970
INFO :: Anonymous Exited the game in homepage :: 2023-01-27 11:36:26,484
INFO :: Anonymous started the game :: 2023-01-27 11:37:52,908
INFO :: soheil Logged in :: 2023-01-27 11:37:57,924
INFO :: soheil started the game :: 2023-01-27 11:37:59,235
INFO :: Anonymous started the game :: 2023-01-27 11:38:31,716
INFO :: soheil Logged in :: 2023-01-27 11:38:31,716
INFO :: soheil started the game :: 2023-01-27 11:38:33,049
INFO :: Anonymous started the game :: 2023-01-27 11:38:35,545
INFO :: soheil Logged in :: 2023-01-27 11:38:35,546
INFO :: soheil started the game :: 2023-01-27 11:38:36,812
INFO :: Anonymous started the game :: 2023-01-27 11:38:38,345
INFO :: soheil Logged in :: 2023-01-27 11:38:38,345
INFO :: soheil started the game :: 2023-01-27 11:38:39,721
INFO :: Anonymous started the game :: 2023-01-27 11:39:23,155
INFO :: soheil Logged in :: 2023-01-27 11:39:23,155
INFO :: soheil Logged out :: 2023-01-27 11:39:23,451
INFO :: Anonymous Exited the game in homepage :: 2023-01-27 11:39:25,030
INFO :: Anonymous started the game :: 2023-01-27 11:40:49,397
INFO :: soheil Logged in :: 2023-01-27 11:40:55,787
INFO :: soheil started the game :: 2023-01-27 11:40:58,209
INFO :: Anonymous started the game :: 2023-01-27 11:41:23,950
INFO :: soheil Logged in :: 2023-01-27 11:41:28,204
INFO :: soheil started the game :: 2023-01-27 11:41:30,897
INFO :: Anonymous started the game :: 2023-01-27 11:41:58,562
INFO :: soheil Logged in :: 2023-01-27 11:41:58,562
INFO :: soheil Logged out :: 2023-01-27 11:41:58,786
INFO :: Anonymous Exited the game in homepage :: 2023-01-27 11:41:59,438
INFO :: Anonymous started the game :: 2023-01-27 11:51:27,755
INFO :: soheil Logged in :: 2023-01-27 11:51:32,017
INFO :: soheil started the game :: 2023-01-27 11:51:33,230
INFO :: Anonymous started the game :: 2023-01-27 11:52:56,894
INFO :: soheil Logged in :: 2023-01-27 11:53:01,367
INFO :: soheil started the game :: 2023-01-27 11:53:03,139
INFO :: Anonymous started the game :: 2023-01-27 11:53:16,106
INFO :: soheil Logged in :: 2023-01-27 11:53:16,106
INFO :: soheil Logged out :: 2023-01-27 11:53:16,758
INFO :: Anonymous Exited the game in homepage :: 2023-01-27 11:53:17,259
INFO :: Anonymous started the game :: 2023-01-27 11:57:42,165
INFO :: soheil Logged in :: 2023-01-27 11:57:46,934
INFO :: soheil started the game :: 2023-01-27 11:57:50,558
INFO :: Anonymous started the game :: 2023-01-27 11:58:09,441
INFO :: soheil Logged in :: 2023-01-27 11:58:09,441
INFO :: soheil Logged out :: 2023-01-27 11:58:10,180
INFO :: Anonymous Exited the game in homepage :: 2023-01-27 11:58:10,846
INFO :: Anonymous started the game :: 2023-01-27 11:59:40,416
INFO :: soheil Logged in :: 2023-01-27 11:59:45,940
INFO :: soheil started the game :: 2023-01-27 11:59:52,882
INFO :: Anonymous started the game :: 2023-01-27 12:00:03,706
INFO :: soheil Logged in :: 2023-01-27 12:00:03,706
INFO :: soheil Logged out :: 2023-01-27 12:00:04,369
INFO :: Anonymous Exited the game in homepage :: 2023-01-27 12:00:04,933
INFO :: Anonymous started the game :: 2023-01-27 12:03:34,606
INFO :: soheil Logged in :: 2023-01-27 12:03:39,748
INFO :: soheil started the game :: 2023-01-27 12:03:41,071
INFO :: Anonymous started the game :: 2023-01-27 12:04:14,740
INFO :: soheil Logged in :: 2023-01-27 12:04:14,740
INFO :: soheil Logged out :: 2023-01-27 12:04:15,021
INFO :: Anonymous Exited the game in homepage :: 2023-01-27 12:04:15,555
INFO :: Anonymous started the game :: 2023-01-27 12:05:30,098
INFO :: soheil Logged in :: 2023-01-27 12:05:35,258
INFO :: soheil started the game :: 2023-01-27 12:05:36,107
INFO :: Anonymous started the game :: 2023-01-27 12:05:46,860
INFO :: soheil Logged in :: 2023-01-27 12:05:46,860
INFO :: soheil Logged out :: 2023-01-27 12:05:48,241
INFO :: Anonymous Exited the game in homepage :: 2023-01-27 12:05:48,592
INFO :: Anonymous started the game :: 2023-01-27 12:09:01,568
INFO :: soheil Logged in :: 2023-01-27 12:09:06,934
INFO :: soheil started the game :: 2023-01-27 12:09:07,653
INFO :: Anonymous started the game :: 2023-01-27 12:09:23,733
INFO :: soheil Logged in :: 2023-01-27 12:09:23,733
INFO :: soheil Logged out :: 2023-01-27 12:09:24,733
INFO :: Anonymous Exited the game in homepage :: 2023-01-27 12:09:25,218
INFO :: Anonymous started the game :: 2023-01-27 12:09:34,760
INFO :: soheil Logged in :: 2023-01-27 12:09:39,917
INFO :: soheil started the game :: 2023-01-27 12:09:40,573
INFO :: Anonymous started the game :: 2023-01-27 12:09:53,550
INFO :: soheil Logged in :: 2023-01-27 12:09:53,550
INFO :: soheil Logged out :: 2023-01-27 12:09:53,895
INFO :: Anonymous Exited the game in homepage :: 2023-01-27 12:09:54,382
INFO :: Anonymous started the game :: 2023-01-27 12:58:38,988
INFO :: soheil Logged in :: 2023-01-27 12:58:43,552
INFO :: soheil started the game :: 2023-01-27 12:58:44,742
INFO :: Anonymous started the game :: 2023-01-27 12:59:12,207
INFO :: soheil Logged in :: 2023-01-27 12:59:12,207
INFO :: soheil started the game :: 2023-01-27 12:59:29,673
INFO :: Anonymous started the game :: 2023-01-27 12:59:32,006
INFO :: soheil Logged in :: 2023-01-27 12:59:32,006
INFO :: soheil started the game :: 2023-01-27 12:59:33,063
INFO :: Anonymous started the game :: 2023-01-27 12:59:34,927
INFO :: soheil Logged in :: 2023-01-27 12:59:34,927
INFO :: soheil started the game :: 2023-01-27 12:59:35,924
INFO :: Anonymous started the game :: 2023-01-27 13:00:01,619
INFO :: soheil Logged in :: 2023-01-27 13:00:01,619
INFO :: soheil Logged out :: 2023-01-27 13:00:04,573
INFO :: Anonymous Exited the game in homepage :: 2023-01-27 13:00:05,885
INFO :: Anonymous started the game :: 2023-01-27 13:13:07,620
INFO :: soheil Logged in :: 2023-01-27 13:13:12,719
INFO :: soheil started the game :: 2023-01-27 13:13:14,049
INFO :: Anonymous started the game :: 2023-01-27 13:13:16,128
INFO :: soheil Logged in :: 2023-01-27 13:13:16,128
INFO :: soheil Logged out :: 2023-01-27 13:13:16,417
INFO :: Anonymous Exited the game in homepage :: 2023-01-27 13:13:18,695
INFO :: Anonymous started the game :: 2023-01-27 14:21:14,293
INFO :: ahmad Logged in :: 2023-01-27 14:21:35,189
INFO :: ahmad started the game :: 2023-01-27 14:21:46,525
INFO :: Anonymous started the game :: 2023-01-27 14:22:03,130
INFO :: ahmad Logged in :: 2023-01-27 14:22:03,130
INFO :: ahmad Logged out :: 2023-01-27 14:22:04,624
INFO :: Anonymous Exited the game in homepage :: 2023-01-27 14:22:04,947
INFO :: Anonymous started the game :: 2023-01-27 18:23:59,257
INFO :: Anonymous Exited the game in homepage :: 2023-01-27 18:24:38,901
INFO :: Anonymous started the game :: 2023-01-27 22:02:58,643
INFO :: soheil Logged in :: 2023-01-27 22:03:04,748
INFO :: soheil Logged out :: 2023-01-27 22:03:22,718
INFO :: Anonymous Exited the game in homepage :: 2023-01-27 22:03:23,174
